>> Local Products Rules ..... started
>> Local Products Rules ..... done
>> Entering Package PerfTools/Hack
>> Creating project symlinks
>> Building shared library tmp/slc7_amd64_gcc12/src/PerfTools/Hack/src/PerfToolsHack/libPerfToolsHack.so
/cvmfs/cms.cern.ch/slc7_amd64_gcc12/external/gcc/12.3.1-40d504be6370b5a30e3947a6e575ca28/bin/c++ -O3 -pthread -pipe -Werror=main -Werror=pointer-arith -Werror=overlength-strings -Wno-vla -Werror=overflow -std=c++20 -ftree-vectorize -Werror=array-bounds -Werror=format-contains-nul -Werror=type-limits -fvisibility-inlines-hidden -fno-math-errno --param vect-max-version-for-alias-checks=50 -Xassembler --compress-debug-sections -Wno-error=array-bounds -Warray-bounds -fuse-ld=bfd -march=x86-64-v3 -felide-constructors -fmessage-length=0 -Wall -Wno-non-template-friend -Wno-long-long -Wreturn-type -Wextra -Wpessimizing-move -Wclass-memaccess -Wno-cast-function-type -Wno-unused-but-set-parameter -Wno-ignored-qualifiers -Wno-unused-parameter -Wunused -Wparentheses -Werror=return-type -Werror=missing-braces -Werror=unused-value -Werror=unused-label -Werror=address -Werror=format -Werror=sign-compare -Werror=write-strings -Werror=delete-non-virtual-dtor -Werror=strict-aliasing -Werror=narrowing -Werror=unused-but-set-variable -Werror=reorder -Werror=unused-variable -Werror=conversion-null -Werror=return-local-addr -Wnon-virtual-dtor -Werror=switch -fdiagnostics-show-option -Wno-unused-local-typedefs -Wno-attributes -Wno-psabi -DBOOST_DISABLE_ASSERTS -flto=auto -fipa-icf -flto-odr-type-merging -fno-fat-lto-objects -Wodr -shared -Wl,-E    -Wl,-z,defs     tmp/slc7_amd64_gcc12/src/PerfTools/Hack/src/PerfToolsHack/TClass.cc.o -o tmp/slc7_amd64_gcc12/src/PerfTools/Hack/src/PerfToolsHack/libPerfToolsHack.so -Wl,-E -Wl,--hash-style=gnu -Wl,--as-needed -L/build/mkortela/debug/issue47470/slc7/CMSSW_15_0_0_pre1/biglib/slc7_amd64_gcc12 -L/build/mkortela/debug/issue47470/slc7/CMSSW_15_0_0_pre1/lib/slc7_amd64_gcc12 -L/cvmfs/cms.cern.ch/slc7_amd64_gcc12/cms/cmssw/CMSSW_15_0_0_pre1/biglib/slc7_amd64_gcc12 -L/cvmfs/cms.cern.ch/slc7_amd64_gcc12/cms/cmssw/CMSSW_15_0_0_pre1/lib/slc7_amd64_gcc12 -L/cvmfs/cms.cern.ch/slc7_amd64_gcc12/cms/cmssw/CMSSW_15_0_0_pre1/external/slc7_amd64_gcc12/lib -L/build/mkortela/debug/issue47470/slc7/CMSSW_15_0_0_pre1/static/slc7_amd64_gcc12 -L/cvmfs/cms.cern.ch/slc7_amd64_gcc12/cms/cmssw/CMSSW_15_0_0_pre1/static/slc7_amd64_gcc12
/cvmfs/cms.cern.ch/slc7_amd64_gcc12/external/gcc/12.3.1-40d504be6370b5a30e3947a6e575ca28/bin/../lib/gcc/x86_64-redhat-linux-gnu/12.3.1/../../../../x86_64-redhat-linux-gnu/bin/ld.bfd: tmp/slc7_amd64_gcc12/src/PerfTools/Hack/src/PerfToolsHack/ccdW7ypZ.ltrans0.ltrans.o: in function `TClass::GetMissingDictionariesForMembers(TCollection&, TCollection&, bool)':
<artificial>:(.text+0x1d): undefined reference to `TClass::GetListOfDataMembers(bool)'
/cvmfs/cms.cern.ch/slc7_amd64_gcc12/external/gcc/12.3.1-40d504be6370b5a30e3947a6e575ca28/bin/../lib/gcc/x86_64-redhat-linux-gnu/12.3.1/../../../../x86_64-redhat-linux-gnu/bin/ld.bfd: <artificial>:(.text+0x7f): undefined reference to `TDataMember::GetTypeName() const'
/cvmfs/cms.cern.ch/slc7_amd64_gcc12/external/gcc/12.3.1-40d504be6370b5a30e3947a6e575ca28/bin/../lib/gcc/x86_64-redhat-linux-gnu/12.3.1/../../../../x86_64-redhat-linux-gnu/bin/ld.bfd: <artificial>:(.text+0xa4): undefined reference to `TDataMember::GetTypeName() const'
/cvmfs/cms.cern.ch/slc7_amd64_gcc12/external/gcc/12.3.1-40d504be6370b5a30e3947a6e575ca28/bin/../lib/gcc/x86_64-redhat-linux-gnu/12.3.1/../../../../x86_64-redhat-linux-gnu/bin/ld.bfd: <artificial>:(.text+0x11c): undefined reference to `TDataMember::GetTypeName() const'
/cvmfs/cms.cern.ch/slc7_amd64_gcc12/external/gcc/12.3.1-40d504be6370b5a30e3947a6e575ca28/bin/../lib/gcc/x86_64-redhat-linux-gnu/12.3.1/../../../../x86_64-redhat-linux-gnu/bin/ld.bfd: <artificial>:(.text+0x12b): undefined reference to `TClass::GetClass(char const*, bool, bool)'
/cvmfs/cms.cern.ch/slc7_amd64_gcc12/external/gcc/12.3.1-40d504be6370b5a30e3947a6e575ca28/bin/../lib/gcc/x86_64-redhat-linux-gnu/12.3.1/../../../../x86_64-redhat-linux-gnu/bin/ld.bfd: <artificial>:(.text+0x146): undefined reference to `TClass::GetMissingDictionariesWithRecursionCheck(TCollection&, TCollection&, bool)'
/cvmfs/cms.cern.ch/slc7_amd64_gcc12/external/gcc/12.3.1-40d504be6370b5a30e3947a6e575ca28/bin/../lib/gcc/x86_64-redhat-linux-gnu/12.3.1/../../../../x86_64-redhat-linux-gnu/bin/ld.bfd: tmp/slc7_amd64_gcc12/src/PerfTools/Hack/src/PerfToolsHack/ccdW7ypZ.ltrans0.ltrans.o: in function `_GLOBAL__sub_I_TClass.cc':
<artificial>:(.text.startup+0x15): undefined reference to `TVersionCheck::TVersionCheck(int)'
collect2: error: ld returned 1 exit status
gmake: *** [config/SCRAM/GMake/Makefile.rules:1884: tmp/slc7_amd64_gcc12/src/PerfTools/Hack/src/PerfToolsHack/libPerfToolsHack.so] Error 1
gmake: *** [There are compilation/build errors. Please see the detail log above.] Error 2
